2017-11-05 13:12:51,993 [      0]   INFO -        #com.intellij.idea.Main - ------------------------------------------------------ IDE STARTED ------------------------------------------------------ 
2017-11-05 13:12:52,010 [     17]   INFO -        #com.intellij.idea.Main - IDE: PyCharm Community Edition (build #PC-172.4343.24, 19 Oct 2017 19:44) 
2017-11-05 13:12:52,010 [     17]   INFO -        #com.intellij.idea.Main - OS: Linux (4.13.0-16-generic, amd64) 
2017-11-05 13:12:52,010 [     17]   INFO -        #com.intellij.idea.Main - JRE: 9-Ubuntu+0-9b181-4 (Oracle Corporation) 
2017-11-05 13:12:52,010 [     17]   INFO -        #com.intellij.idea.Main - JVM: 9-Ubuntu+0-9b181-4 (OpenJDK 64-Bit Server VM) 
2017-11-05 13:12:52,011 [     18]   INFO -        #com.intellij.idea.Main - JVM Args: -Xbootclasspath/a:/usr/share/pycharm/lib/boot.jar -Xms128m -Xmx750m -XX:ReservedCodeCacheSize=240m -XX:+UseConcMarkSweepGC -XX:SoftRefLRUPolicyMSPerMB=50 -ea -Dsun.io.useCanonCaches=false -Djava.net.preferIPv4Stack=true -XX:+HeapDumpOnOutOfMemoryError -XX:-OmitStackTraceInFastThrow -Dawt.useSystemAAFontSettings=lcd -Dsun.java2d.renderer=sun.java2d.marlin.MarlinRenderingEngine -XX:ErrorFile=/home/andrei/java_error_in_PYCHARM_%p.log -XX:HeapDumpPath=/home/andrei/java_error_in_PYCHARM.hprof -Didea.paths.selector=PyCharmCE2017.2 -Djb.vmOptionsFile=/usr/share/pycharm/bin/pycharm64.vmoptions -Didea.platform.prefix=PyCharmCore 
2017-11-05 13:12:52,011 [     18]   INFO -        #com.intellij.idea.Main - JNU charset: UTF-8 
2017-11-05 13:12:52,109 [    116]   INFO -        #com.intellij.idea.Main - JNA library (64-bit) loaded in 98 ms 
2017-11-05 13:12:56,756 [   4763]   INFO - llij.openapi.wm.impl.X11UiUtil - cannot initialize 
java.lang.ClassCastException: java.base/jdk.internal.misc.Unsafe cannot be cast to jdk.unsupported/sun.misc.Unsafe
	at com.intellij.openapi.wm.impl.X11UiUtil$Xlib.getInstance(X11UiUtil.java:88)
	at com.intellij.openapi.wm.impl.X11UiUtil$Xlib.access$400(X11UiUtil.java:55)
	at com.intellij.openapi.wm.impl.X11UiUtil.<clinit>(X11UiUtil.java:238)
	at com.intellij.idea.IdeaApplication.patchSystem(IdeaApplication.java:170)
	at com.intellij.idea.IdeaApplication.<init>(IdeaApplication.java:91)
	at com.intellij.idea.MainImpl$1.lambda$start$1(MainImpl.java:45)
	at java.desktop/java.awt.event.InvocationEvent.dispatch(InvocationEvent.java:313)
	at java.desktop/java.awt.EventQueue.dispatchEventImpl(EventQueue.java:764)
	at java.desktop/java.awt.EventQueue.access$500(EventQueue.java:97)
	at java.desktop/java.awt.EventQueue$3.run(EventQueue.java:717)
	at java.desktop/java.awt.EventQueue$3.run(EventQueue.java:711)
	at java.base/java.security.AccessController.doPrivileged(Native Method)
	at java.base/java.security.ProtectionDomain$JavaSecurityAccessImpl.doIntersectionPrivilege(ProtectionDomain.java:89)
	at java.desktop/java.awt.EventQueue.dispatchEvent(EventQueue.java:734)
	at com.intellij.ide.IdeEventQueue.dispatchEvent(IdeEventQueue.java:345)
	at java.desktop/java.awt.EventDispatchThread.pumpOneEventForFilters(EventDispatchThread.java:199)
	at java.desktop/java.awt.EventDispatchThread.pumpEventsForFilter(EventDispatchThread.java:124)
	at java.desktop/java.awt.EventDispatchThread.pumpEventsForHierarchy(EventDispatchThread.java:113)
	at java.desktop/java.awt.EventDispatchThread.pumpEvents(EventDispatchThread.java:109)
	at java.desktop/java.awt.EventDispatchThread.pumpEvents(EventDispatchThread.java:101)
	at java.desktop/java.awt.EventDispatchThread.run(EventDispatchThread.java:90)
2017-11-05 13:12:56,762 [   4769]   INFO - .intellij.idea.IdeaApplication - WM detected: null 
2017-11-05 13:12:58,521 [   6528]   INFO - llij.ide.plugins.PluginManager - 17 plugins initialized in 1139 ms 
2017-11-05 13:12:58,521 [   6528]   INFO - llij.ide.plugins.PluginManager - Loaded bundled plugins: CVS Integration (11), EditorConfig (172.4343.24), Git Integration (8.1), GitHub (172.4343.24), IDEA CORE (172.4343.24), IPython Notebook (0.1), IntelliLang (8.0), Python IntelliLang (VERSION), Python ReStructureText Integration (1.0), Python Terminal (VERSION), ReStructuredText Support (172.4343.24), Settings Repository (172.4343.24), Subversion Integration (1.1), Task Management (1.0), Terminal (0.1), YAML (172.4343.24), hg4idea (10.0) 
2017-11-05 13:13:01,854 [   9861]   INFO - ellij.vfs.persistent.FSRecords - Marking VFS as corrupted: '/home/andrei/.PyCharmCE2017.2/system/caches/names.dat' does not exist 
2017-11-05 13:13:01,857 [   9864]   INFO - ellij.util.io.PagedFileStorage - lower=100; upper=500; buffer=10; max=713 
2017-11-05 13:13:01,981 [   9988]   INFO - pl.local.NativeFileWatcherImpl - Starting file watcher: /usr/share/pycharm/bin/fsnotifier64 
2017-11-05 13:13:02,033 [  10040]   INFO - pl.local.NativeFileWatcherImpl - Native file watcher is operational. 
2017-11-05 13:13:05,078 [  13085]   INFO - .history.utils.LocalHistoryLog - local history version mismatch (was: 0, expected: 6), rebuilding... 
2017-11-05 13:13:05,078 [  13085]   INFO - .history.utils.LocalHistoryLog - FS has been rebuild, rebuilding local history... 
2017-11-05 13:13:06,583 [  14590]   INFO - til.net.ssl.CertificateManager - Default SSL context initialized 
2017-11-05 13:13:07,929 [  15936]   INFO - rains.ide.BuiltInServerManager - built-in server started, port 63342 
2017-11-05 13:13:08,178 [  16185]   INFO - gs.impl.UpdateCheckerComponent - channel: release 
2017-11-05 13:13:10,616 [  18623]   INFO - il.indexing.FileBasedIndexImpl - Index exts enumerated:1701 
2017-11-05 13:13:10,663 [  18670]   INFO - il.indexing.FileBasedIndexImpl - Index scheduled:47 
2017-11-05 13:13:12,611 [  20618]   INFO - tellij.psi.stubs.StubIndexImpl - All stub exts enumerated:1740 
2017-11-05 13:13:12,612 [  20619]   INFO - tellij.psi.stubs.StubIndexImpl - stub exts update scheduled:1 
2017-11-05 13:13:12,821 [  20828]   INFO - j.ide.script.IdeStartupScripts - 0 startup script(s) found 
2017-11-05 13:13:13,620 [  21627]   INFO - ij.psi.stubs.StubUpdatingIndex - Following new file types will be indexed:PythonStub,Python,HTML,XML 
2017-11-05 13:13:14,645 [  22652]   INFO -            PyTestLegacyInterop - Disabling com.jetbrains.python.testing.unittestLegacy.PythonUnitTestConfigurationProducer@7cdd6210 
2017-11-05 13:13:14,645 [  22652]   INFO -            PyTestLegacyInterop - Disabling com.jetbrains.python.testing.pytestLegacy.PyTestConfigurationProducer@3ae8b7df 
2017-11-05 13:13:14,645 [  22652]   INFO -            PyTestLegacyInterop - Disabling com.jetbrains.python.testing.nosetestLegacy.PythonNoseTestConfigurationProducer@4aee1144 
2017-11-05 13:13:14,661 [  22668]   INFO - pl$FileIndexDataInitialization - Initialization done:3997 
2017-11-05 13:13:14,677 [  22684]   INFO - exImpl$StubIndexInitialization - Initialization done:15 
2017-11-05 13:13:15,445 [  23452]   INFO - plication.impl.ApplicationImpl - 75 application components initialized in 18087ms 
2017-11-05 13:13:15,516 [  23523]   INFO - .intellij.idea.IdeaApplication - App initialization took 40721 ms 
2017-11-05 13:13:19,984 [  27991]   INFO - ellij.project.impl.ProjectImpl - 14 project components initialized in 1783 ms 
2017-11-05 13:13:24,275 [  32282]   INFO - net.ssl.ConfirmingTrustManager - Certificate was accepted by user 
2017-11-05 13:13:25,390 [  33397]   INFO - .openapi.application.Preloader - Finished preloading com.intellij.openapi.actionSystem.impl.ActionPreloader@7f677a7e 
2017-11-05 13:13:26,297 [  34304]   INFO - .openapi.application.Preloader - Finished preloading com.intellij.ide.ui.search.SearchableOptionPreloader@2bb1ed02 
2017-11-05 13:13:27,122 [  35129]   INFO - .openapi.application.Preloader - Finished preloading com.intellij.codeInsight.completion.CompletionPreloader@59c344ba 
2017-11-05 13:13:27,976 [  35983]   INFO - net.ssl.ConfirmingTrustManager - Certificate was accepted by user 
2017-11-05 13:13:43,184 [  51191]   WARN - tions.CreateDesktopEntryAction - Unable to locate suitable application icon in '/usr/share/pycharm/bin'. 
java.lang.RuntimeException: Unable to locate suitable application icon in '/usr/share/pycharm/bin'.
	at com.intellij.ide.actions.CreateDesktopEntryAction.prepare(CreateDesktopEntryAction.java:155)
	at com.intellij.ide.actions.CreateDesktopEntryAction.createDesktopEntry(CreateDesktopEntryAction.java:126)
	at com.intellij.application.options.InitialConfigurationDialog$8.run(InitialConfigurationDialog.java:411)
	at com.intellij.openapi.progress.impl.CoreProgressManager$TaskRunnable.run(CoreProgressManager.java:718)
	at com.intellij.openapi.progress.impl.CoreProgressManager.lambda$runProcess$1(CoreProgressManager.java:170)
	at com.intellij.openapi.progress.impl.CoreProgressManager.registerIndicatorAndRun(CoreProgressManager.java:548)
	at com.intellij.openapi.progress.impl.CoreProgressManager.executeProcessUnderProgress(CoreProgressManager.java:493)
	at com.intellij.openapi.progress.impl.ProgressManagerImpl.executeProcessUnderProgress(ProgressManagerImpl.java:94)
	at com.intellij.openapi.progress.impl.CoreProgressManager.runProcess(CoreProgressManager.java:157)
	at com.intellij.openapi.progress.impl.ProgressManagerImpl$2.run(ProgressManagerImpl.java:165)
	at com.intellij.openapi.application.impl.ApplicationImpl$1.run(ApplicationImpl.java:330)
	at java.base/java.util.concurrent.Executors$RunnableAdapter.call(Executors.java:514)
	at java.base/java.util.concurrent.FutureTask.run(FutureTask.java:264)
	at java.base/java.util.concurrent.ThreadPoolExecutor.runWorker(ThreadPoolExecutor.java:1167)
	at java.base/java.util.concurrent.ThreadPoolExecutor$Worker.run(ThreadPoolExecutor.java:641)
	at java.base/java.lang.Thread.run(Thread.java:844)
2017-11-05 13:13:49,457 [  57464]   WARN - til.ui.update.LazyUiDisposable - use application as a parent disposable 
2017-11-05 13:13:58,957 [  66964]   INFO - ns.python.sdk.PythonSdkUpdater - Updating sys.path took 452 ms 
2017-11-05 13:13:59,000 [  67007]   INFO - ns.python.sdk.PythonSdkUpdater - Bogus sys.path entry /usr/lib/python2.7/lib-old 
2017-11-05 13:13:59,010 [  67017]   INFO - ns.python.sdk.PythonSdkUpdater - Binary skeletons directory for SDK Python 2.7.14 (/usr/bin/python2.7) (/usr/bin/python2.7)): /home/andrei/.PyCharmCE2017.2/system/python_stubs/-1247972723 
2017-11-05 13:13:59,020 [  67027]   INFO - ns.python.sdk.PythonSdkUpdater - User skeletons directory for SDK Python 2.7.14 (/usr/bin/python2.7) (/usr/bin/python2.7)): /usr/share/pycharm/helpers/python-skeletons 
2017-11-05 13:13:59,158 [  67165]   INFO - ns.python.sdk.PythonSdkUpdater - Updating sys.path took 11 ms 
2017-11-05 13:13:59,159 [  67166]   INFO - ns.python.sdk.PythonSdkUpdater - Bogus sys.path entry /usr/lib/python2.7/lib-old 
2017-11-05 13:13:59,159 [  67166]   INFO - ns.python.sdk.PythonSdkUpdater - Binary skeletons directory for SDK Python 2.7.14 (/usr/bin/python2.7) (/usr/bin/python2.7)): /home/andrei/.PyCharmCE2017.2/system/python_stubs/-1247972723 
2017-11-05 13:13:59,159 [  67166]   INFO - ns.python.sdk.PythonSdkUpdater - User skeletons directory for SDK Python 2.7.14 (/usr/bin/python2.7) (/usr/bin/python2.7)): /usr/share/pycharm/helpers/python-skeletons 
2017-11-05 13:14:02,237 [  70244]   INFO - ellij.project.impl.ProjectImpl - 88 project components initialized in 2958 ms 
2017-11-05 13:14:02,271 [  70278]   INFO - le.impl.ModuleManagerComponent - 0 module(s) loaded in 0 ms 
2017-11-05 13:14:06,052 [  74059]   INFO - tartup.impl.StartupManagerImpl - InitToolWindowsActivity run in 387ms under project opening modal progress 
2017-11-05 13:14:06,062 [  74069]   INFO - .diagnostic.PerformanceWatcher - Post-startup activities under progress took 616ms; general responsiveness: ok; EDT responsiveness: ok 
2017-11-05 13:14:06,503 [  74510]   INFO - indexing.UnindexedFilesUpdater - Unindexed files update canceled 
2017-11-05 13:14:06,504 [  74511]   INFO - pl.ProjectRootManagerComponent - project roots have changed 
2017-11-05 13:14:07,160 [  75167]   INFO - pl.ProjectRootManagerComponent - project roots have changed 
2017-11-05 13:14:07,204 [  75211]   INFO - ns.python.sdk.PythonSdkUpdater - Performing background update of skeletons for SDK Python 2.7.14 (/usr/bin/python2.7) (/usr/bin/python2.7) 
2017-11-05 13:14:07,207 [  75214]   INFO - .skeletons.PySkeletonRefresher - Refreshing skeletons for /usr/bin/python2.7 
2017-11-05 13:14:07,284 [  75291]   INFO - tartup.impl.StartupManagerImpl - /home/andrei/PycharmProjects/training/.idea case-sensitivity: expected=true actual=true 
2017-11-05 13:14:07,506 [  75513]   INFO - pl.projectlevelman.NewMappings - VCS Root: [] - [<Project>] 
2017-11-05 13:14:07,649 [  75656]   INFO - .diagnostic.PerformanceWatcher - Pushing properties took 233ms; general responsiveness: ok; EDT responsiveness: ok 
2017-11-05 13:14:08,100 [  76107]   INFO - .skeletons.PySkeletonGenerator - Retrieving binary module list took 835 ms 
2017-11-05 13:14:08,101 [  76108]   INFO - .skeletons.PySkeletonRefresher - Home path is /usr/share/pycharm 
2017-11-05 13:14:08,738 [  76745]   INFO - tor.impl.FileEditorManagerImpl - Project opening took 9490 ms 
2017-11-05 13:14:09,176 [  77183]   INFO - .diagnostic.PerformanceWatcher - Indexable file iteration took 1495ms; general responsiveness: ok; EDT responsiveness: ok 
2017-11-05 13:14:09,177 [  77184]   INFO - indexing.UnindexedFilesUpdater - Unindexed files update started: 1478 files to update 
2017-11-05 13:14:10,196 [  78203]   INFO - .skeletons.PySkeletonGenerator - Rebuilding builtin skeletons took 2076 ms 
2017-11-05 13:14:10,221 [  78228]   INFO - .skeletons.PySkeletonRefresher - Skeleton for _bsddb 
2017-11-05 13:14:10,639 [  78646]   INFO - .skeletons.PySkeletonRefresher - Skeleton for _codecs_cn 
2017-11-05 13:14:10,807 [  78814]   INFO - .skeletons.PySkeletonRefresher - Skeleton for _codecs_hk 
2017-11-05 13:14:10,954 [  78961]   INFO - .skeletons.PySkeletonRefresher - Skeleton for _codecs_iso2022 
2017-11-05 13:14:11,201 [  79208]   INFO - .skeletons.PySkeletonRefresher - Skeleton for _codecs_jp 
2017-11-05 13:14:11,352 [  79359]   INFO - .skeletons.PySkeletonRefresher - Skeleton for _codecs_kr 
2017-11-05 13:14:11,795 [  79802]   INFO - .skeletons.PySkeletonRefresher - Skeleton for _codecs_tw 
2017-11-05 13:14:11,986 [  79993]   INFO - .skeletons.PySkeletonRefresher - Skeleton for _csv 
2017-11-05 13:14:12,197 [  80204]   INFO - .skeletons.PySkeletonRefresher - Skeleton for _ctypes 
2017-11-05 13:14:12,515 [  80522]   INFO - .skeletons.PySkeletonRefresher - Skeleton for _ctypes_test 
2017-11-05 13:14:12,754 [  80761]   INFO - .skeletons.PySkeletonRefresher - Skeleton for _curses 
2017-11-05 13:14:12,969 [  80976]   INFO - .skeletons.PySkeletonRefresher - Skeleton for _curses_panel 
2017-11-05 13:14:13,134 [  81141]   INFO - .skeletons.PySkeletonRefresher - Skeleton for _elementtree 
2017-11-05 13:14:13,505 [  81512]   INFO - .skeletons.PySkeletonRefresher - Skeleton for _hashlib 
2017-11-05 13:14:13,541 [  81548]   INFO - packaging.PyPackageManagerImpl - Running packaging tool: /usr/bin/python2.7 /usr/share/pycharm/helpers/packaging_tool.py list 
2017-11-05 13:14:13,617 [  81624]   WARN - python.packaging.PyPackageUtil - Non-zero exit code (3) 
2017-11-05 13:14:13,701 [  81708]   INFO - .skeletons.PySkeletonRefresher - Skeleton for _hotshot 
2017-11-05 13:14:13,936 [  81943]   INFO - .skeletons.PySkeletonRefresher - Skeleton for _json 
2017-11-05 13:14:14,088 [  82095]   INFO - .skeletons.PySkeletonRefresher - Skeleton for _lsprof 
2017-11-05 13:14:14,295 [  82302]   INFO - .skeletons.PySkeletonRefresher - Skeleton for _multibytecodec 
2017-11-05 13:14:14,490 [  82497]   INFO - .skeletons.PySkeletonRefresher - Skeleton for _multiprocessing 
2017-11-05 13:14:14,867 [  82874]   INFO - .skeletons.PySkeletonRefresher - Skeleton for _sqlite3 
2017-11-05 13:14:15,164 [  83171]   INFO - .skeletons.PySkeletonRefresher - Skeleton for _ssl 
2017-11-05 13:14:15,520 [  83527]   INFO - .skeletons.PySkeletonRefresher - Skeleton for _testcapi 
2017-11-05 13:14:15,805 [  83812]   INFO - .skeletons.PySkeletonRefresher - Skeleton for audioop 
2017-11-05 13:14:16,018 [  84025]   INFO - .skeletons.PySkeletonRefresher - Skeleton for bz2 
2017-11-05 13:14:16,261 [  84268]   INFO - .skeletons.PySkeletonRefresher - Skeleton for crypt 
2017-11-05 13:14:16,571 [  84578]   INFO - .skeletons.PySkeletonRefresher - Skeleton for dbm 
2017-11-05 13:14:16,726 [  84733]   INFO - .skeletons.PySkeletonRefresher - Skeleton for future_builtins 
2017-11-05 13:14:16,941 [  84948]   INFO - .skeletons.PySkeletonRefresher - Skeleton for linuxaudiodev 
2017-11-05 13:14:17,100 [  85107]   INFO - .skeletons.PySkeletonRefresher - Skeleton for mmap 
2017-11-05 13:14:17,368 [  85375]   INFO - .skeletons.PySkeletonRefresher - Skeleton for nis 
2017-11-05 13:14:17,603 [  85610]   INFO - .skeletons.PySkeletonRefresher - Skeleton for ossaudiodev 
2017-11-05 13:14:17,816 [  85823]   INFO - .skeletons.PySkeletonRefresher - Skeleton for parser 
2017-11-05 13:14:17,990 [  85997]   INFO - .skeletons.PySkeletonRefresher - Skeleton for pyexpat 
2017-11-05 13:14:18,213 [  86220]   INFO - .skeletons.PySkeletonRefresher - Skeleton for readline 
2017-11-05 13:14:18,528 [  86535]   INFO - .skeletons.PySkeletonRefresher - Skeleton for resource 
2017-11-05 13:14:18,767 [  86774]   INFO - .skeletons.PySkeletonRefresher - Skeleton for talloc 
2017-11-05 13:14:19,037 [  87044]   INFO - .skeletons.PySkeletonRefresher - Skeleton for termios 
2017-11-05 13:14:19,265 [  87272]   INFO - .skeletons.PySkeletonRefresher - Rebuilding skeletons for binaries took 9059 ms 
2017-11-05 13:14:19,309 [  87316]   INFO - python.packaging.PyPackageUtil - Refreshing installed packages for SDK /usr/bin/python2.7 
2017-11-05 13:14:19,309 [  87316]   INFO - packaging.PyPackageManagerImpl - Running packaging tool: /usr/bin/python2.7 /usr/share/pycharm/helpers/packaging_tool.py list 
2017-11-05 13:14:19,344 [  87351]   INFO - ns.python.sdk.PythonSdkUpdater - Performing background scan of packages for SDK Python 2.7.14 (/usr/bin/python2.7) (/usr/bin/python2.7) 
2017-11-05 13:14:19,346 [  87353]   INFO - packaging.PyPackageManagerImpl - Running packaging tool: /usr/bin/python2.7 /usr/share/pycharm/helpers/packaging_tool.py list 
2017-11-05 13:14:19,376 [  87383]   WARN - ns.python.sdk.PythonSdkUpdater - Non-zero exit code (3) 
2017-11-05 13:14:34,474 [ 102481]   INFO - .diagnostic.PerformanceWatcher - Unindexed files update took 25297ms; general responsiveness: ok; EDT responsiveness: 0/26 sluggish, 3/26 very slow 
2017-11-05 13:14:34,477 [ 102484]   INFO - g.FileBasedIndexProjectHandler - Reindexing refreshed files: 89 to update, calculated in 2ms 
2017-11-05 13:14:35,429 [ 103436]   INFO - .diagnostic.PerformanceWatcher - Reindexing refreshed files took 952ms; general responsiveness: ok; EDT responsiveness: ok 
2017-11-05 13:14:35,583 [ 103590]   INFO - tartup.impl.StartupManagerImpl - Some post-startup activities freeze UI for noticeable time. Please consider making them DumbAware to do them in background under modal progress, or just making them faster to speed up project opening. 
2017-11-05 13:14:35,583 [ 103590]   INFO - tartup.impl.StartupManagerImpl - ProjectInspectionProfileStartUpActivity run in 119ms on UI thread 
2017-11-05 13:14:35,701 [ 103708]   INFO - tartup.impl.StartupManagerImpl - PyPackagesUpdater run in 110ms on UI thread 
2017-11-05 13:14:42,693 [ 110700]   INFO - ns.python.sdk.PythonSdkUpdater - Updating sys.path took 57 ms 
2017-11-05 13:14:42,694 [ 110701]   INFO - ns.python.sdk.PythonSdkUpdater - Bogus sys.path entry /usr/lib/python2.7/lib-old 
2017-11-05 13:14:42,695 [ 110702]   INFO - ns.python.sdk.PythonSdkUpdater - Binary skeletons directory for SDK Python 2.7.14 (/usr/bin/python2.7) (/usr/bin/python2.7)): /home/andrei/.PyCharmCE2017.2/system/python_stubs/-1247972723 
2017-11-05 13:14:42,695 [ 110702]   INFO - ns.python.sdk.PythonSdkUpdater - User skeletons directory for SDK Python 2.7.14 (/usr/bin/python2.7) (/usr/bin/python2.7)): /usr/share/pycharm/helpers/python-skeletons 
2017-11-05 13:15:07,184 [ 135191]   INFO - net.ssl.ConfirmingTrustManager - Certificate was accepted by user 
2017-11-05 13:15:07,236 [ 135243]   INFO - ns.python.sdk.PythonSdkUpdater - Performing background update of skeletons for SDK Python 2.7.14 (/usr/bin/python2.7) (/usr/bin/python2.7) 
2017-11-05 13:15:07,236 [ 135243]   INFO - .skeletons.PySkeletonRefresher - Refreshing skeletons for /usr/bin/python2.7 
2017-11-05 13:15:07,626 [ 135633]   INFO - .skeletons.PySkeletonGenerator - Retrieving binary module list took 361 ms 
2017-11-05 13:15:07,629 [ 135636]   INFO - .skeletons.PySkeletonRefresher - Home path is /usr/share/pycharm 
2017-11-05 13:15:07,672 [ 135679]   INFO - .skeletons.PySkeletonRefresher - Rebuilding skeletons for binaries took 16 ms 
2017-11-05 13:15:07,705 [ 135712]   INFO - ns.python.sdk.PythonSdkUpdater - Performing background scan of packages for SDK Python 2.7.14 (/usr/bin/python2.7) (/usr/bin/python2.7) 
2017-11-05 13:15:07,705 [ 135712]   INFO - packaging.PyPackageManagerImpl - Running packaging tool: /usr/bin/python2.7 /usr/share/pycharm/helpers/packaging_tool.py list 
2017-11-05 13:15:07,781 [ 135788]   WARN - ns.python.sdk.PythonSdkUpdater - Non-zero exit code (3) 
2017-11-05 13:17:11,497 [ 259504]   INFO - pl.ProjectRootManagerComponent - project roots have changed 
2017-11-05 13:17:11,910 [ 259917]   INFO - .diagnostic.PerformanceWatcher - Pushing properties took 1ms; general responsiveness: ok; EDT responsiveness: ok 
2017-11-05 13:17:13,105 [ 261112]   INFO - .diagnostic.PerformanceWatcher - Indexable file iteration took 1195ms; general responsiveness: ok; EDT responsiveness: ok 
2017-11-05 13:17:13,105 [ 261112]   INFO - indexing.UnindexedFilesUpdater - Unindexed files update started: 5 files to update 
2017-11-05 13:17:13,211 [ 261218]   INFO - .diagnostic.PerformanceWatcher - Unindexed files update took 106ms; general responsiveness: ok; EDT responsiveness: 0/1 sluggish, 1/1 very slow 
